mode: atomic
github.com/kinetica/datasource/pkg/plugin/datasource.go:32.110,34.2 1 0
github.com/kinetica/datasource/pkg/plugin/datasource.go:39.120,41.16 2 1
github.com/kinetica/datasource/pkg/plugin/datasource.go:41.16,43.3 1 0
github.com/kinetica/datasource/pkg/plugin/datasource.go:45.2,48.32 3 1
github.com/kinetica/datasource/pkg/plugin/datasource.go:48.32,51.3 2 1
github.com/kinetica/datasource/pkg/plugin/datasource.go:53.2,53.22 1 1
github.com/kinetica/datasource/pkg/plugin/datasource.go:56.118,62.60 3 1
github.com/kinetica/datasource/pkg/plugin/datasource.go:62.60,64.3 1 0
github.com/kinetica/datasource/pkg/plugin/datasource.go:67.2,68.16 2 1
github.com/kinetica/datasource/pkg/plugin/datasource.go:68.16,70.3 1 0
github.com/kinetica/datasource/pkg/plugin/datasource.go:71.2,71.15 1 1
github.com/kinetica/datasource/pkg/plugin/datasource.go:71.15,73.3 1 1
github.com/kinetica/datasource/pkg/plugin/datasource.go:75.2,81.104 3 0
github.com/kinetica/datasource/pkg/plugin/datasource.go:81.104,83.3 1 0
github.com/kinetica/datasource/pkg/plugin/datasource.go:86.2,86.49 1 0
github.com/kinetica/datasource/pkg/plugin/datasource.go:86.49,91.21 3 0
github.com/kinetica/datasource/pkg/plugin/datasource.go:91.21,95.4 2 0
github.com/kinetica/datasource/pkg/plugin/datasource.go:96.3,96.72 1 0
github.com/kinetica/datasource/pkg/plugin/datasource.go:100.2,101.16 2 0
github.com/kinetica/datasource/pkg/plugin/datasource.go:101.16,104.3 2 0
github.com/kinetica/datasource/pkg/plugin/datasource.go:108.2,108.37 1 0
github.com/kinetica/datasource/pkg/plugin/datasource.go:108.37,109.46 1 0
github.com/kinetica/datasource/pkg/plugin/datasource.go:109.46,110.43 1 0
github.com/kinetica/datasource/pkg/plugin/datasource.go:110.43,116.55 3 0
github.com/kinetica/datasource/pkg/plugin/datasource.go:116.55,124.26 3 0
github.com/kinetica/datasource/pkg/plugin/datasource.go:124.26,126.7 1 0
github.com/kinetica/datasource/pkg/plugin/datasource.go:133.2,136.16 4 0
github.com/kinetica/datasource/pkg/plugin/datasource.go:136.16,138.3 1 0
github.com/kinetica/datasource/pkg/plugin/datasource.go:141.2,142.16 2 0
github.com/kinetica/datasource/pkg/plugin/datasource.go:142.16,144.3 1 0
github.com/kinetica/datasource/pkg/plugin/datasource.go:147.2,149.16 3 0
github.com/kinetica/datasource/pkg/plugin/datasource.go:149.16,151.3 1 0
github.com/kinetica/datasource/pkg/plugin/datasource.go:154.2,155.9 2 0
github.com/kinetica/datasource/pkg/plugin/datasource.go:155.9,157.3 1 0
github.com/kinetica/datasource/pkg/plugin/datasource.go:158.2,161.37 3 0
github.com/kinetica/datasource/pkg/plugin/datasource.go:161.37,165.53 3 0
github.com/kinetica/datasource/pkg/plugin/datasource.go:165.53,167.4 1 0
github.com/kinetica/datasource/pkg/plugin/datasource.go:171.2,172.16 2 0
github.com/kinetica/datasource/pkg/plugin/datasource.go:172.16,174.3 1 0
github.com/kinetica/datasource/pkg/plugin/datasource.go:176.2,176.57 1 0
github.com/kinetica/datasource/pkg/plugin/datasource.go:183.124,184.41 1 0
github.com/kinetica/datasource/pkg/plugin/datasource.go:184.41,186.3 1 0
github.com/kinetica/datasource/pkg/plugin/datasource.go:188.2,189.16 2 0
github.com/kinetica/datasource/pkg/plugin/datasource.go:189.16,191.3 1 0
github.com/kinetica/datasource/pkg/plugin/datasource.go:193.2,193.31 1 0
github.com/kinetica/datasource/pkg/plugin/datasource.go:193.31,195.3 1 0
github.com/kinetica/datasource/pkg/plugin/datasource.go:197.2,200.42 3 0
github.com/kinetica/datasource/pkg/plugin/datasource.go:200.42,201.30 1 0
github.com/kinetica/datasource/pkg/plugin/datasource.go:201.30,202.67 1 0
github.com/kinetica/datasource/pkg/plugin/datasource.go:202.67,204.10 2 0
github.com/kinetica/datasource/pkg/plugin/datasource.go:208.2,208.22 1 0
github.com/kinetica/datasource/pkg/plugin/datasource.go:211.98,213.56 2 1
github.com/kinetica/datasource/pkg/plugin/datasource.go:213.56,215.3 1 0
github.com/kinetica/datasource/pkg/plugin/datasource.go:216.2,220.73 3 1
github.com/kinetica/datasource/pkg/plugin/datasource.go:220.73,222.26 2 0
github.com/kinetica/datasource/pkg/plugin/datasource.go:222.26,224.4 1 0
github.com/kinetica/datasource/pkg/plugin/datasource.go:225.3,228.17 3 0
github.com/kinetica/datasource/pkg/plugin/datasource.go:228.17,231.4 2 0
github.com/kinetica/datasource/pkg/plugin/datasource.go:233.3,233.15 1 0
github.com/kinetica/datasource/pkg/plugin/datasource.go:233.15,237.4 3 0
github.com/kinetica/datasource/pkg/plugin/datasource.go:237.9,239.4 1 0
github.com/kinetica/datasource/pkg/plugin/datasource.go:243.2,244.71 2 1
github.com/kinetica/datasource/pkg/plugin/datasource.go:244.71,246.3 1 0
github.com/kinetica/datasource/pkg/plugin/datasource.go:249.2,250.69 2 1
github.com/kinetica/datasource/pkg/plugin/datasource.go:250.69,252.3 1 0
github.com/kinetica/datasource/pkg/plugin/datasource.go:255.2,256.71 2 1
github.com/kinetica/datasource/pkg/plugin/datasource.go:256.71,258.3 1 0
github.com/kinetica/datasource/pkg/plugin/datasource.go:261.2,262.69 2 1
github.com/kinetica/datasource/pkg/plugin/datasource.go:262.69,264.3 1 0
github.com/kinetica/datasource/pkg/plugin/datasource.go:266.2,266.17 1 1
github.com/kinetica/datasource/pkg/plugin/datasource.go:269.113,272.17 2 0
github.com/kinetica/datasource/pkg/plugin/datasource.go:272.17,274.3 1 0
github.com/kinetica/datasource/pkg/plugin/datasource.go:276.2,277.59 2 0
github.com/kinetica/datasource/pkg/plugin/datasource.go:277.59,279.3 1 0
github.com/kinetica/datasource/pkg/plugin/datasource.go:281.2,282.16 2 0
github.com/kinetica/datasource/pkg/plugin/datasource.go:282.16,284.3 1 0
github.com/kinetica/datasource/pkg/plugin/datasource.go:285.2,285.32 1 0
github.com/kinetica/datasource/pkg/plugin/datasource.go:285.32,287.3 1 0
github.com/kinetica/datasource/pkg/plugin/datasource.go:289.2,290.78 2 0
github.com/kinetica/datasource/pkg/plugin/datasource.go:290.78,292.3 1 0
github.com/kinetica/datasource/pkg/plugin/datasource.go:294.2,294.35 1 0
github.com/kinetica/datasource/pkg/plugin/datasource.go:294.35,295.29 1 0
github.com/kinetica/datasource/pkg/plugin/datasource.go:295.29,300.4 2 0
github.com/kinetica/datasource/pkg/plugin/datasource.go:302.2,302.19 1 0
github.com/kinetica/datasource/pkg/plugin/datasource.go:309.139,317.27 5 0
github.com/kinetica/datasource/pkg/plugin/datasource.go:317.27,319.17 2 0
github.com/kinetica/datasource/pkg/plugin/datasource.go:319.17,321.4 1 0
github.com/kinetica/datasource/pkg/plugin/datasource.go:322.3,323.77 2 0
github.com/kinetica/datasource/pkg/plugin/datasource.go:327.2,327.26 1 0
github.com/kinetica/datasource/pkg/plugin/datasource.go:327.26,329.19 2 0
github.com/kinetica/datasource/pkg/plugin/datasource.go:329.19,331.4 1 0
github.com/kinetica/datasource/pkg/plugin/datasource.go:332.3,333.17 2 0
github.com/kinetica/datasource/pkg/plugin/datasource.go:333.17,335.4 1 0
github.com/kinetica/datasource/pkg/plugin/datasource.go:336.3,337.37 2 0
github.com/kinetica/datasource/pkg/plugin/datasource.go:337.37,339.4 1 0
github.com/kinetica/datasource/pkg/plugin/datasource.go:340.3,341.77 2 0
github.com/kinetica/datasource/pkg/plugin/datasource.go:345.2,345.27 1 0
github.com/kinetica/datasource/pkg/plugin/datasource.go:345.27,350.60 4 0
github.com/kinetica/datasource/pkg/plugin/datasource.go:350.60,352.4 1 0
github.com/kinetica/datasource/pkg/plugin/datasource.go:354.3,355.17 2 0
github.com/kinetica/datasource/pkg/plugin/datasource.go:355.17,357.4 1 0
github.com/kinetica/datasource/pkg/plugin/datasource.go:359.3,360.33 2 0
github.com/kinetica/datasource/pkg/plugin/datasource.go:360.33,362.68 2 0
github.com/kinetica/datasource/pkg/plugin/datasource.go:362.68,363.38 1 0
github.com/kinetica/datasource/pkg/plugin/datasource.go:363.38,365.6 1 0
github.com/kinetica/datasource/pkg/plugin/datasource.go:368.3,369.77 2 0
github.com/kinetica/datasource/pkg/plugin/datasource.go:372.2,372.64 1 0
github.com/kinetica/datasource/pkg/plugin/datasource.go:375.76,380.2 1 0
github.com/kinetica/datasource/pkg/plugin/datasource.go:386.124,388.16 2 0
github.com/kinetica/datasource/pkg/plugin/datasource.go:388.16,390.3 1 0
github.com/kinetica/datasource/pkg/plugin/datasource.go:391.2,392.59 2 0
github.com/kinetica/datasource/pkg/plugin/datasource.go:392.59,394.3 1 0
github.com/kinetica/datasource/pkg/plugin/datasource.go:395.2,395.92 1 0
github.com/kinetica/datasource/pkg/plugin/datasource.go:398.33,398.34 0 0
github.com/kinetica/datasource/pkg/plugin/datasource.go:400.87,401.14 1 1
github.com/kinetica/datasource/pkg/plugin/datasource.go:401.14,403.3 1 0
github.com/kinetica/datasource/pkg/plugin/datasource.go:404.2,405.57 2 1
github.com/kinetica/datasource/pkg/plugin/datasource.go:405.57,407.3 1 0
github.com/kinetica/datasource/pkg/plugin/datasource.go:408.2,408.18 1 1
github.com/kinetica/datasource/pkg/plugin/datasource.go:411.102,413.17 2 1
github.com/kinetica/datasource/pkg/plugin/datasource.go:413.17,415.3 1 1
github.com/kinetica/datasource/pkg/plugin/datasource.go:418.2,418.17 1 1
github.com/kinetica/datasource/pkg/plugin/datasource.go:418.17,420.3 1 1
github.com/kinetica/datasource/pkg/plugin/datasource.go:422.2,422.52 1 1
github.com/kinetica/datasource/pkg/plugin/datasource.go:422.52,424.3 1 0
github.com/kinetica/datasource/pkg/plugin/datasource.go:426.2,430.38 2 1
github.com/kinetica/datasource/pkg/plugin/datasource.go:430.38,432.3 1 1
github.com/kinetica/datasource/pkg/plugin/datasource.go:433.2,433.62 1 1
github.com/kinetica/datasource/pkg/plugin/datasource.go:436.105,440.42 3 0
github.com/kinetica/datasource/pkg/plugin/datasource.go:440.42,442.3 1 0
github.com/kinetica/datasource/pkg/plugin/datasource.go:444.2,445.26 2 0
github.com/kinetica/datasource/pkg/plugin/datasource.go:445.26,447.3 1 0
github.com/kinetica/datasource/pkg/plugin/datasource.go:448.2,450.35 2 0
github.com/kinetica/datasource/pkg/plugin/datasource.go:450.35,453.10 3 0
github.com/kinetica/datasource/pkg/plugin/datasource.go:453.10,454.12 1 0
github.com/kinetica/datasource/pkg/plugin/datasource.go:457.3,458.20 2 0
github.com/kinetica/datasource/pkg/plugin/datasource.go:458.20,460.12 2 0
github.com/kinetica/datasource/pkg/plugin/datasource.go:463.3,465.31 3 0
github.com/kinetica/datasource/pkg/plugin/datasource.go:465.31,466.16 1 0
github.com/kinetica/datasource/pkg/plugin/datasource.go:466.16,468.10 2 0
github.com/kinetica/datasource/pkg/plugin/datasource.go:472.3,472.27 1 0
github.com/kinetica/datasource/pkg/plugin/datasource.go:473.25,475.32 2 0
github.com/kinetica/datasource/pkg/plugin/datasource.go:475.32,476.17 1 0
github.com/kinetica/datasource/pkg/plugin/datasource.go:476.17,477.34 1 0
github.com/kinetica/datasource/pkg/plugin/datasource.go:477.34,479.7 1 0
github.com/kinetica/datasource/pkg/plugin/datasource.go:479.12,479.43 1 0
github.com/kinetica/datasource/pkg/plugin/datasource.go:479.43,482.7 2 0
github.com/kinetica/datasource/pkg/plugin/datasource.go:485.4,485.76 1 0
github.com/kinetica/datasource/pkg/plugin/datasource.go:487.26,488.20 1 0
github.com/kinetica/datasource/pkg/plugin/datasource.go:488.20,490.33 2 0
github.com/kinetica/datasource/pkg/plugin/datasource.go:490.33,491.18 1 0
github.com/kinetica/datasource/pkg/plugin/datasource.go:491.18,493.28 2 0
github.com/kinetica/datasource/pkg/plugin/datasource.go:494.16,495.22 1 0
github.com/kinetica/datasource/pkg/plugin/datasource.go:496.18,497.22 1 0
github.com/kinetica/datasource/pkg/plugin/datasource.go:498.18,499.15 1 0
github.com/kinetica/datasource/pkg/plugin/datasource.go:500.20,501.22 1 0
github.com/kinetica/datasource/pkg/plugin/datasource.go:503.7,504.21 2 0
github.com/kinetica/datasource/pkg/plugin/datasource.go:507.5,507.77 1 0
github.com/kinetica/datasource/pkg/plugin/datasource.go:508.10,510.33 2 0
github.com/kinetica/datasource/pkg/plugin/datasource.go:510.33,511.18 1 0
github.com/kinetica/datasource/pkg/plugin/datasource.go:511.18,513.28 2 0
github.com/kinetica/datasource/pkg/plugin/datasource.go:514.16,515.22 1 0
github.com/kinetica/datasource/pkg/plugin/datasource.go:516.18,517.22 1 0
github.com/kinetica/datasource/pkg/plugin/datasource.go:518.18,519.15 1 0
github.com/kinetica/datasource/pkg/plugin/datasource.go:520.20,521.22 1 0
github.com/kinetica/datasource/pkg/plugin/datasource.go:523.7,523.23 1 0
github.com/kinetica/datasource/pkg/plugin/datasource.go:526.5,526.77 1 0
github.com/kinetica/datasource/pkg/plugin/datasource.go:529.15,531.32 2 0
github.com/kinetica/datasource/pkg/plugin/datasource.go:531.32,532.17 1 0
github.com/kinetica/datasource/pkg/plugin/datasource.go:532.17,533.33 1 0
github.com/kinetica/datasource/pkg/plugin/datasource.go:533.33,535.7 1 0
github.com/kinetica/datasource/pkg/plugin/datasource.go:538.4,538.76 1 0
github.com/kinetica/datasource/pkg/plugin/datasource.go:540.13,542.32 2 0
github.com/kinetica/datasource/pkg/plugin/datasource.go:542.32,543.17 1 0
github.com/kinetica/datasource/pkg/plugin/datasource.go:543.17,544.31 1 0
github.com/kinetica/datasource/pkg/plugin/datasource.go:544.31,546.7 1 0
github.com/kinetica/datasource/pkg/plugin/datasource.go:549.4,549.76 1 0
github.com/kinetica/datasource/pkg/plugin/datasource.go:551.11,553.32 2 0
github.com/kinetica/datasource/pkg/plugin/datasource.go:553.32,554.17 1 0
github.com/kinetica/datasource/pkg/plugin/datasource.go:554.17,557.6 2 0
github.com/kinetica/datasource/pkg/plugin/datasource.go:559.4,559.76 1 0
github.com/kinetica/datasource/pkg/plugin/datasource.go:562.2,562.19 1 0
github.com/kinetica/datasource/pkg/plugin/datasource.go:569.40,569.83 1 0
github.com/kinetica/datasource/pkg/plugin/datasource.go:570.40,570.82 1 0
github.com/kinetica/datasource/pkg/plugin/datasource.go:571.40,571.82 1 1
github.com/kinetica/datasource/pkg/plugin/datasource.go:572.40,572.83 1 0
github.com/kinetica/datasource/pkg/plugin/datasource.go:574.62,576.9 2 1
github.com/kinetica/datasource/pkg/plugin/datasource.go:576.9,579.3 2 0
github.com/kinetica/datasource/pkg/plugin/datasource.go:580.2,581.67 2 1
github.com/kinetica/datasource/pkg/plugin/datasource.go:581.67,583.3 1 1
github.com/kinetica/datasource/pkg/plugin/datasource.go:584.2,586.15 2 1
github.com/kinetica/datasource/pkg/plugin/datasource.go:587.15,588.45 1 0
github.com/kinetica/datasource/pkg/plugin/datasource.go:589.14,590.44 1 0
github.com/kinetica/datasource/pkg/plugin/datasource.go:591.14,592.44 1 1
github.com/kinetica/datasource/pkg/plugin/datasource.go:593.15,594.45 1 0
github.com/kinetica/datasource/pkg/plugin/models.go:51.61,54.48 3 0
github.com/kinetica/datasource/pkg/plugin/models.go:54.48,56.3 1 0
github.com/kinetica/datasource/pkg/plugin/models.go:57.2,57.54 1 0
github.com/kinetica/datasource/pkg/plugin/models.go:57.54,59.3 1 0
github.com/kinetica/datasource/pkg/plugin/models.go:60.2,60.12 1 0
